This file contains any messages produced by compilers while
running configure, to aid debugging if configure makes a mistake.

It was created by openflow configure 1.0.0, which was
generated by GNU Autoconf 2.69.  Invocation command line was

  $ ./configure 

## --------- ##
## Platform. ##
## --------- ##

hostname = vbox
uname -m = x86_64
uname -r = 5.15.0-56-generic
uname -s = Linux
uname -v = #62~20.04.1-Ubuntu SMP Tue Nov 22 21:24:20 UTC 2022

/usr/bin/uname -p = x86_64
/bin/uname -X     = unknown

/bin/arch              = x86_64
/usr/bin/arch -k       = unknown
/usr/convex/getsysinfo = unknown
/usr/bin/hostinfo      = unknown
/bin/machine           = unknown
/usr/bin/oslevel       = unknown
/bin/universe          = unknown

PATH: /usr/local/sbin
PATH: /usr/local/bin
PATH: /usr/sbin
PATH: /usr/bin
PATH: /sbin
PATH: /bin
PATH: /usr/games
PATH: /usr/local/games
PATH: /snap/bin


## ----------- ##
## Core tests. ##
## ----------- ##

configure:2238: checking build number
configure:2254: result: none
configure:2316: checking for a BSD-compatible install
configure:2384: result: /usr/bin/install -c
configure:2395: checking whether build environment is sane
configure:2450: result: yes
configure:2599: checking for a thread-safe mkdir -p
configure:2638: result: /usr/bin/mkdir -p
configure:2645: checking for gawk
configure:2675: result: no
configure:2645: checking for mawk
configure:2661: found /usr/bin/mawk
configure:2672: result: mawk
configure:2683: checking whether make sets $(MAKE)
configure:2705: result: yes
configure:2734: checking whether make supports nested variables
configure:2751: result: yes
configure:2926: checking for gcc
configure:2942: found /usr/bin/gcc
configure:2953: result: gcc
configure:3182: checking for C compiler version
configure:3191: gcc --version >&5
gcc (Ubuntu 9.4.0-1ubuntu1~20.04.1) 9.4.0
Copyright (C) 2019 Free Software Foundation, Inc.
This is free software; see the source for copying conditions.  There is NO
warranty; not even for MERCHANTABILITY or FITNESS FOR A PARTICULAR PURPOSE.

configure:3202: $? = 0
configure:3191: gcc -v >&5
Using built-in specs.
COLLECT_GCC=gcc
COLLECT_LTO_WRAPPER=/usr/lib/gcc/x86_64-linux-gnu/9/lto-wrapper
OFFLOAD_TARGET_NAMES=nvptx-none:hsa
OFFLOAD_TARGET_DEFAULT=1
Target: x86_64-linux-gnu
Configured with: ../src/configure -v --with-pkgversion='Ubuntu 9.4.0-1ubuntu1~20.04.1' --with-bugurl=file:///usr/share/doc/gcc-9/README.Bugs --enable-languages=c,ada,c++,go,brig,d,fortran,objc,obj-c++,gm2 --prefix=/usr --with-gcc-major-version-only --program-suffix=-9 --program-prefix=x86_64-linux-gnu- --enable-shared --enable-linker-build-id --libexecdir=/usr/lib --without-included-gettext --enable-threads=posix --libdir=/usr/lib --enable-nls --enable-clocale=gnu --enable-libstdcxx-debug --enable-libstdcxx-time=yes --with-default-libstdcxx-abi=new --enable-gnu-unique-object --disable-vtable-verify --enable-plugin --enable-default-pie --with-system-zlib --with-target-system-zlib=auto --enable-objc-gc=auto --enable-multiarch --disable-werror --with-arch-32=i686 --with-abi=m64 --with-multilib-list=m32,m64,mx32 --enable-multilib --with-tune=generic --enable-offload-targets=nvptx-none=/build/gcc-9-Av3uEd/gcc-9-9.4.0/debian/tmp-nvptx/usr,hsa --without-cuda-driver --enable-checking=release --build=x86_64-linux-gnu --host=x86_64-linux-gnu --target=x86_64-linux-gnu
Thread model: posix
gcc version 9.4.0 (Ubuntu 9.4.0-1ubuntu1~20.04.1) 
configure:3202: $? = 0
configure:3191: gcc -V >&5
gcc: error: unrecognized command line option '-V'
gcc: fatal error: no input files
compilation terminated.
configure:3202: $? = 1
configure:3191: gcc -qversion >&5
gcc: error: unrecognized command line option '-qversion'; did you mean '--version'?
gcc: fatal error: no input files
compilation terminated.
configure:3202: $? = 1
configure:3222: checking whether the C compiler works
configure:3244: gcc    conftest.c  >&5
configure:3248: $? = 0
configure:3296: result: yes
configure:3299: checking for C compiler default output file name
configure:3301: result: a.out
configure:3307: checking for suffix of executables
configure:3314: gcc -o conftest    conftest.c  >&5
configure:3318: $? = 0
configure:3340: result: 
configure:3362: checking whether we are cross compiling
configure:3370: gcc -o conftest    conftest.c  >&5
configure:3374: $? = 0
configure:3381: ./conftest
configure:3385: $? = 0
configure:3373: result: no
configure:3378: checking for suffix of object files
configure:3400: gcc -c   conftest.c >&5
configure:3404: $? = 0
configure:3425: result: o
configure:3429: checking whether we are using the GNU C compiler
configure:3448: gcc -c   conftest.c >&5
configure:3448: $? = 0
configure:3457: result: yes
configure:3466: checking whether gcc accepts -g
configure:3486: gcc -c -g  conftest.c >&5
configure:3486: $? = 0
configure:3527: result: yes
configure:3544: checking for gcc option to accept ISO C89
configure:3607: gcc  -c -g -O2  conftest.c >&5
configure:3607: $? = 0
configure:3620: result: none needed
configure:3645: checking whether gcc understands -c and -o together
configure:3667: gcc -c conftest.c -o conftest2.o
configure:3670: $? = 0
configure:3667: gcc -c conftest.c -o conftest2.o
configure:3670: $? = 0
configure:3682: result: yes
configure:3702: checking whether make supports the include directive
configure:3717: make -f confmf.GNU && cat confinc.out
this is the am__doit target
configure:3720: $? = 0
configure:3739: result: yes (GNU style)
configure:3764: checking dependency style of gcc
configure:3875: result: gcc3
configure:3896: checking how to run the C preprocessor
configure:3927: gcc -E  conftest.c
configure:3927: $? = 0
configure:3941: gcc -E  conftest.c
conftest.c:12:10: fatal error: ac_nonexistent.h: No such file or directory
   12 | #include <ac_nonexistent.h>
      |          ^~~~~~~~~~~~~~~~~~
compilation terminated.
configure:3941: $? = 1
configure: failed program was:
| /* confdefs.h */
| #define PACKAGE_NAME "openflow"
| #define PACKAGE_TARNAME "openflow"
| #define PACKAGE_VERSION "1.0.0"
| #define PACKAGE_STRING "openflow 1.0.0"
| #define PACKAGE_BUGREPORT "openflow-discuss@openflowswitch.org"
| #define PACKAGE_URL ""
| #define BUILDNR ""
| #define PACKAGE "openflow"
| #define VERSION "1.0.0"
| /* end confdefs.h.  */
| #include <ac_nonexistent.h>
configure:3966: result: gcc -E
configure:3986: gcc -E  conftest.c
configure:3986: $? = 0
configure:4000: gcc -E  conftest.c
conftest.c:12:10: fatal error: ac_nonexistent.h: No such file or directory
   12 | #include <ac_nonexistent.h>
      |          ^~~~~~~~~~~~~~~~~~
compilation terminated.
configure:4000: $? = 1
configure: failed program was:
| /* confdefs.h */
| #define PACKAGE_NAME "openflow"
| #define PACKAGE_TARNAME "openflow"
| #define PACKAGE_VERSION "1.0.0"
| #define PACKAGE_STRING "openflow 1.0.0"
| #define PACKAGE_BUGREPORT "openflow-discuss@openflowswitch.org"
| #define PACKAGE_URL ""
| #define BUILDNR ""
| #define PACKAGE "openflow"
| #define VERSION "1.0.0"
| /* end confdefs.h.  */
| #include <ac_nonexistent.h>
configure:4071: checking for ranlib
configure:4087: found /usr/bin/ranlib
configure:4098: result: ranlib
configure:4125: checking for perl
configure:4143: found /usr/bin/perl
configure:4156: result: /usr/bin/perl
configure:4170: checking for grep that handles long lines and -e
configure:4228: result: /usr/bin/grep
configure:4233: checking for egrep
configure:4295: result: /usr/bin/grep -E
configure:4300: checking for ANSI C header files
configure:4320: gcc -c -g -O2  conftest.c >&5
configure:4320: $? = 0
configure:4393: gcc -o conftest -g -O2   conftest.c  >&5
configure:4393: $? = 0
configure:4393: ./conftest
configure:4393: $? = 0
configure:4404: result: yes
configure:4417: checking for sys/types.h
configure:4417: gcc -c -g -O2  conftest.c >&5
configure:4417: $? = 0
configure:4417: result: yes
configure:4417: checking for sys/stat.h
configure:4417: gcc -c -g -O2  conftest.c >&5
configure:4417: $? = 0
configure:4417: result: yes
configure:4417: checking for stdlib.h
configure:4417: gcc -c -g -O2  conftest.c >&5
configure:4417: $? = 0
configure:4417: result: yes
configure:4417: checking for string.h
configure:4417: gcc -c -g -O2  conftest.c >&5
configure:4417: $? = 0
configure:4417: result: yes
configure:4417: checking for memory.h
configure:4417: gcc -c -g -O2  conftest.c >&5
configure:4417: $? = 0
configure:4417: result: yes
configure:4417: checking for strings.h
configure:4417: gcc -c -g -O2  conftest.c >&5
configure:4417: $? = 0
configure:4417: result: yes
configure:4417: checking for inttypes.h
configure:4417: gcc -c -g -O2  conftest.c >&5
configure:4417: $? = 0
configure:4417: result: yes
configure:4417: checking for stdint.h
configure:4417: gcc -c -g -O2  conftest.c >&5
configure:4417: $? = 0
configure:4417: result: yes
configure:4417: checking for unistd.h
configure:4417: gcc -c -g -O2  conftest.c >&5
configure:4417: $? = 0
configure:4417: result: yes
configure:4430: checking minix/config.h usability
configure:4430: gcc -c -g -O2  conftest.c >&5
conftest.c:55:10: fatal error: minix/config.h: No such file or directory
   55 | #include <minix/config.h>
      |          ^~~~~~~~~~~~~~~~
compilation terminated.
configure:4430: $? = 1
configure: failed program was:
| /* confdefs.h */
| #define PACKAGE_NAME "openflow"
| #define PACKAGE_TARNAME "openflow"
| #define PACKAGE_VERSION "1.0.0"
| #define PACKAGE_STRING "openflow 1.0.0"
| #define PACKAGE_BUGREPORT "openflow-discuss@openflowswitch.org"
| #define PACKAGE_URL ""
| #define BUILDNR ""
| #define PACKAGE "openflow"
| #define VERSION "1.0.0"
| #define STDC_HEADERS 1
| #define HAVE_SYS_TYPES_H 1
| #define HAVE_SYS_STAT_H 1
| #define HAVE_STDLIB_H 1
| #define HAVE_STRING_H 1
| #define HAVE_MEMORY_H 1
| #define HAVE_STRINGS_H 1
| #define HAVE_INTTYPES_H 1
| #define HAVE_STDINT_H 1
| #define HAVE_UNISTD_H 1
| /* end confdefs.h.  */
| #include <stdio.h>
| #ifdef HAVE_SYS_TYPES_H
| # include <sys/types.h>
| #endif
| #ifdef HAVE_SYS_STAT_H
| # include <sys/stat.h>
| #endif
| #ifdef STDC_HEADERS
| # include <stdlib.h>
| # include <stddef.h>
| #else
| # ifdef HAVE_STDLIB_H
| #  include <stdlib.h>
| # endif
| #endif
| #ifdef HAVE_STRING_H
| # if !defined STDC_HEADERS && defined HAVE_MEMORY_H
| #  include <memory.h>
| # endif
| # include <string.h>
| #endif
| #ifdef HAVE_STRINGS_H
| # include <strings.h>
| #endif
| #ifdef HAVE_INTTYPES_H
| # include <inttypes.h>
| #endif
| #ifdef HAVE_STDINT_H
| # include <stdint.h>
| #endif
| #ifdef HAVE_UNISTD_H
| # include <unistd.h>
| #endif
| #include <minix/config.h>
configure:4430: result: no
configure:4430: checking minix/config.h presence
configure:4430: gcc -E  conftest.c
conftest.c:22:10: fatal error: minix/config.h: No such file or directory
   22 | #include <minix/config.h>
      |          ^~~~~~~~~~~~~~~~
compilation terminated.
configure:4430: $? = 1
configure: failed program was:
| /* confdefs.h */
| #define PACKAGE_NAME "openflow"
| #define PACKAGE_TARNAME "openflow"
| #define PACKAGE_VERSION "1.0.0"
| #define PACKAGE_STRING "openflow 1.0.0"
| #define PACKAGE_BUGREPORT "openflow-discuss@openflowswitch.org"
| #define PACKAGE_URL ""
| #define BUILDNR ""
| #define PACKAGE "openflow"
| #define VERSION "1.0.0"
| #define STDC_HEADERS 1
| #define HAVE_SYS_TYPES_H 1
| #define HAVE_SYS_STAT_H 1
| #define HAVE_STDLIB_H 1
| #define HAVE_STRING_H 1
| #define HAVE_MEMORY_H 1
| #define HAVE_STRINGS_H 1
| #define HAVE_INTTYPES_H 1
| #define HAVE_STDINT_H 1
| #define HAVE_UNISTD_H 1
| /* end confdefs.h.  */
| #include <minix/config.h>
configure:4430: result: no
configure:4430: checking for minix/config.h
configure:4430: result: no
configure:4451: checking whether it is safe to define __EXTENSIONS__
configure:4469: gcc -c -g -O2  conftest.c >&5
configure:4469: $? = 0
configure:4476: result: yes
configure:4509: checking for linux/netlink.h
configure:4509: gcc -c -g -O2  conftest.c >&5
configure:4509: $? = 0
configure:4509: result: yes
configure:4587: checking for pkg-config
configure:4605: found /usr/bin/pkg-config
configure:4617: result: /usr/bin/pkg-config
configure:4642: checking pkg-config is at least version 0.9.0
configure:4645: result: yes
configure:4773: checking for dladdr in -ldl
configure:4798: gcc -o conftest -g -O2   conftest.c -ldl   >&5
configure:4798: $? = 0
configure:4807: result: yes
configure:4814: checking for connect in -lsocket
configure:4839: gcc -o conftest -g -O2   conftest.c -lsocket   >&5
/usr/bin/ld: cannot find -lsocket
collect2: error: ld returned 1 exit status
configure:4839: $? = 1
configure: failed program was:
| /* confdefs.h */
| #define PACKAGE_NAME "openflow"
| #define PACKAGE_TARNAME "openflow"
| #define PACKAGE_VERSION "1.0.0"
| #define PACKAGE_STRING "openflow 1.0.0"
| #define PACKAGE_BUGREPORT "openflow-discuss@openflowswitch.org"
| #define PACKAGE_URL ""
| #define BUILDNR ""
| #define PACKAGE "openflow"
| #define VERSION "1.0.0"
| #define STDC_HEADERS 1
| #define HAVE_SYS_TYPES_H 1
| #define HAVE_SYS_STAT_H 1
| #define HAVE_STDLIB_H 1
| #define HAVE_STRING_H 1
| #define HAVE_MEMORY_H 1
| #define HAVE_STRINGS_H 1
| #define HAVE_INTTYPES_H 1
| #define HAVE_STDINT_H 1
| #define HAVE_UNISTD_H 1
| #define __EXTENSIONS__ 1
| #define _ALL_SOURCE 1
| #define _GNU_SOURCE 1
| #define _POSIX_PTHREAD_SEMANTICS 1
| #define _TANDEM_SOURCE 1
| #define HAVE_NETLINK 1
| /* end confdefs.h.  */
| 
| /* Override any GCC internal prototype to avoid an error.
|    Use char because int might match the return type of a GCC
|    builtin and then its argument prototype would still apply.  */
| #ifdef __cplusplus
| extern "C"
| #endif
| char connect ();
| int
| main ()
| {
| return connect ();
|   ;
|   return 0;
| }
configure:4848: result: no
configure:4859: checking for library containing gethostbyname
configure:4890: gcc -o conftest -g -O2   conftest.c  >&5
configure:4890: $? = 0
configure:4907: result: none required
configure:4942: checking whether libc supports hooks for malloc and related functions
configure:4961: gcc -c -g -O2  conftest.c >&5
conftest.c: In function 'main':
conftest.c:33:1: warning: '__malloc_hook' is deprecated [-Wdeprecated-declarations]
   33 | (void) __malloc_hook;
      | ^
In file included from conftest.c:28:
/usr/include/malloc.h:148:39: note: declared here
  148 | extern void *(*__MALLOC_HOOK_VOLATILE __malloc_hook)(size_t __size,
      |                                       ^~~~~~~~~~~~~
conftest.c:34:11: warning: '__realloc_hook' is deprecated [-Wdeprecated-declarations]
   34 |           (void) __realloc_hook;
      |           ^
In file included from conftest.c:28:
/usr/include/malloc.h:151:39: note: declared here
  151 | extern void *(*__MALLOC_HOOK_VOLATILE __realloc_hook)(void *__ptr,
      |                                       ^~~~~~~~~~~~~~
conftest.c:35:11: warning: '__free_hook' is deprecated [-Wdeprecated-declarations]
   35 |           (void) __free_hook;
      |           ^
In file included from conftest.c:28:
/usr/include/malloc.h:145:38: note: declared here
  145 | extern void (*__MALLOC_HOOK_VOLATILE __free_hook) (void *__ptr,
      |                                      ^~~~~~~~~~~
configure:4961: $? = 0
configure:4968: result: yes
configure:4987: checking for strlcpy
configure:4987: gcc -o conftest -g -O2   conftest.c  >&5
/usr/bin/ld: /tmp/ccUnoMWC.o: in function `main':
/home/jeo/mbkm/OpenFlow/openflow/conftest.c:63: undefined reference to `strlcpy'
collect2: error: ld returned 1 exit status
configure:4987: $? = 1
configure: failed program was:
| /* confdefs.h */
| #define PACKAGE_NAME "openflow"
| #define PACKAGE_TARNAME "openflow"
| #define PACKAGE_VERSION "1.0.0"
| #define PACKAGE_STRING "openflow 1.0.0"
| #define PACKAGE_BUGREPORT "openflow-discuss@openflowswitch.org"
| #define PACKAGE_URL ""
| #define BUILDNR ""
| #define PACKAGE "openflow"
| #define VERSION "1.0.0"
| #define STDC_HEADERS 1
| #define HAVE_SYS_TYPES_H 1
| #define HAVE_SYS_STAT_H 1
| #define HAVE_STDLIB_H 1
| #define HAVE_STRING_H 1
| #define HAVE_MEMORY_H 1
| #define HAVE_STRINGS_H 1
| #define HAVE_INTTYPES_H 1
| #define HAVE_STDINT_H 1
| #define HAVE_UNISTD_H 1
| #define __EXTENSIONS__ 1
| #define _ALL_SOURCE 1
| #define _GNU_SOURCE 1
| #define _POSIX_PTHREAD_SEMANTICS 1
| #define _TANDEM_SOURCE 1
| #define HAVE_NETLINK 1
| #define HAVE_MALLOC_HOOKS 1
| /* end confdefs.h.  */
| /* Define strlcpy to an innocuous variant, in case <limits.h> declares strlcpy.
|    For example, HP-UX 11i <limits.h> declares gettimeofday.  */
| #define strlcpy innocuous_strlcpy
| 
| /* System header to define __stub macros and hopefully few prototypes,
|     which can conflict with char strlcpy (); below.
|     Prefer <limits.h> to <assert.h> if __STDC__ is defined, since
|     <limits.h> exists even on freestanding compilers.  */
| 
| #ifdef __STDC__
| # include <limits.h>
| #else
| # include <assert.h>
| #endif
| 
| #undef strlcpy
| 
| /* Override any GCC internal prototype to avoid an error.
|    Use char because int might match the return type of a GCC
|    builtin and then its argument prototype would still apply.  */
| #ifdef __cplusplus
| extern "C"
| #endif
| char strlcpy ();
| /* The GNU C library defines this for functions which it implements
|     to always fail with ENOSYS.  Some functions are actually named
|     something starting with __ and the normal name is an alias.  */
| #if defined __stub_strlcpy || defined __stub___strlcpy
| choke me
| #endif
| 
| int
| main ()
| {
| return strlcpy ();
|   ;
|   return 0;
| }
configure:4987: result: no
configure:4996: checking net/if_packet.h usability
configure:4996: gcc -c -g -O2  conftest.c >&5
configure:4996: $? = 0
configure:4996: result: yes
configure:4996: checking net/if_packet.h presence
configure:4996: gcc -E  conftest.c
configure:4996: $? = 0
configure:4996: result: yes
configure:4996: checking for net/if_packet.h
configure:4996: result: yes
configure:5173: checking for special C compiler options needed for large files
configure:5218: result: no
configure:5224: checking for _FILE_OFFSET_BITS value needed for large files
configure:5249: gcc -c -g -O2  conftest.c >&5
configure:5249: $? = 0
configure:5281: result: no
configure:5369: checking for strsignal
configure:5369: gcc -o conftest -g -O2   conftest.c  >&5
configure:5369: $? = 0
configure:5369: result: yes
configure:5385: checking for dpkg-buildpackage
configure:5401: found /usr/bin/dpkg-buildpackage
configure:5413: result: yes
configure:5431: checking whether gcc accepts -Wall
configure:5449: gcc -c -g -O2 -Wall  conftest.c >&5
configure:5449: $? = 0
configure:5457: result: yes
configure:5466: checking whether gcc accepts -Wno-sign-compare
configure:5484: gcc -c -g -O2 -Wall -Wno-sign-compare  conftest.c >&5
configure:5484: $? = 0
configure:5492: result: yes
configure:5501: checking whether gcc accepts -Wpointer-arith
configure:5519: gcc -c -g -O2 -Wall -Wno-sign-compare -Wpointer-arith  conftest.c >&5
configure:5519: $? = 0
configure:5527: result: yes
configure:5536: checking whether gcc accepts -Wdeclaration-after-statement
configure:5554: gcc -c -g -O2 -Wall -Wno-sign-compare -Wpointer-arith -Wdeclaration-after-statement  conftest.c >&5
configure:5554: $? = 0
configure:5562: result: yes
configure:5571: checking whether gcc accepts -Wformat-security
configure:5589: gcc -c -g -O2 -Wall -Wno-sign-compare -Wpointer-arith -Wdeclaration-after-statement -Wformat-security  conftest.c >&5
configure:5589: $? = 0
configure:5597: result: yes
configure:5606: checking whether gcc accepts -Wswitch-enum
configure:5624: gcc -c -g -O2 -Wall -Wno-sign-compare -Wpointer-arith -Wdeclaration-after-statement -Wformat-security -Wswitch-enum  conftest.c >&5
configure:5624: $? = 0
configure:5632: result: yes
configure:5641: checking whether gcc accepts -Wunused-parameter
configure:5659: gcc -c -g -O2 -Wall -Wno-sign-compare -Wpointer-arith -Wdeclaration-after-statement -Wformat-security -Wswitch-enum -Wunused-parameter  conftest.c >&5
configure:5659: $? = 0
configure:5667: result: yes
configure:5676: checking whether gcc accepts -Wstrict-aliasing
configure:5694: gcc -c -g -O2 -Wall -Wno-sign-compare -Wpointer-arith -Wdeclaration-after-statement -Wformat-security -Wswitch-enum -Wunused-parameter -Wstrict-aliasing  conftest.c >&5
configure:5694: $? = 0
configure:5702: result: yes
configure:5711: checking whether gcc accepts -Wbad-function-cast
configure:5729: gcc -c -g -O2 -Wall -Wno-sign-compare -Wpointer-arith -Wdeclaration-after-statement -Wformat-security -Wswitch-enum -Wunused-parameter -Wstrict-aliasing -Wbad-function-cast  conftest.c >&5
configure:5729: $? = 0
configure:5737: result: yes
configure:5746: checking whether gcc accepts -Wcast-align
configure:5764: gcc -c -g -O2 -Wall -Wno-sign-compare -Wpointer-arith -Wdeclaration-after-statement -Wformat-security -Wswitch-enum -Wunused-parameter -Wstrict-aliasing -Wbad-function-cast -Wcast-align  conftest.c >&5
configure:5764: $? = 0
configure:5772: result: yes
configure:5781: checking whether gcc accepts -Wstrict-prototypes
configure:5799: gcc -c -g -O2 -Wall -Wno-sign-compare -Wpointer-arith -Wdeclaration-after-statement -Wformat-security -Wswitch-enum -Wunused-parameter -Wstrict-aliasing -Wbad-function-cast -Wcast-align -Wstrict-prototypes  conftest.c >&5
conftest.c:33:1: warning: function declaration isn't a prototype [-Wstrict-prototypes]
   33 | main ()
      | ^~~~
configure:5799: $? = 0
configure:5807: result: yes
configure:5816: checking whether gcc accepts -Wold-style-definition
configure:5834: gcc -c -g -O2 -Wall -Wno-sign-compare -Wpointer-arith -Wdeclaration-after-statement -Wformat-security -Wswitch-enum -Wunused-parameter -Wstrict-aliasing -Wbad-function-cast -Wcast-align -Wstrict-prototypes -Wold-style-definition  conftest.c >&5
conftest.c:33:1: warning: function declaration isn't a prototype [-Wstrict-prototypes]
   33 | main ()
      | ^~~~
conftest.c: In function 'main':
conftest.c:33:1: warning: old-style function definition [-Wold-style-definition]
configure:5834: $? = 0
configure:5842: result: yes
configure:5851: checking whether gcc accepts -Wmissing-prototypes
configure:5869: gcc -c -g -O2 -Wall -Wno-sign-compare -Wpointer-arith -Wdeclaration-after-statement -Wformat-security -Wswitch-enum -Wunused-parameter -Wstrict-aliasing -Wbad-function-cast -Wcast-align -Wstrict-prototypes -Wold-style-definition -Wmissing-prototypes  conftest.c >&5
conftest.c:33:1: warning: function declaration isn't a prototype [-Wstrict-prototypes]
   33 | main ()
      | ^~~~
conftest.c: In function 'main':
conftest.c:33:1: warning: old-style function definition [-Wold-style-definition]
configure:5869: $? = 0
configure:5877: result: yes
configure:5886: checking whether gcc accepts -Wmissing-field-initializers
configure:5904: gcc -c -g -O2 -Wall -Wno-sign-compare -Wpointer-arith -Wdeclaration-after-statement -Wformat-security -Wswitch-enum -Wunused-parameter -Wstrict-aliasing -Wbad-function-cast -Wcast-align -Wstrict-prototypes -Wold-style-definition -Wmissing-prototypes -Wmissing-field-initializers  conftest.c >&5
conftest.c:33:1: warning: function declaration isn't a prototype [-Wstrict-prototypes]
   33 | main ()
      | ^~~~
conftest.c: In function 'main':
conftest.c:33:1: warning: old-style function definition [-Wold-style-definition]
configure:5904: $? = 0
configure:5912: result: yes
configure:5921: checking whether gcc accepts -Wno-override-init
configure:5939: gcc -c -g -O2 -Wall -Wno-sign-compare -Wpointer-arith -Wdeclaration-after-statement -Wformat-security -Wswitch-enum -Wunused-parameter -Wstrict-aliasing -Wbad-function-cast -Wcast-align -Wstrict-prototypes -Wold-style-definition -Wmissing-prototypes -Wmissing-field-initializers -Wno-override-init  conftest.c >&5
conftest.c:33:1: warning: function declaration isn't a prototype [-Wstrict-prototypes]
   33 | main ()
      | ^~~~
conftest.c: In function 'main':
conftest.c:33:1: warning: old-style function definition [-Wold-style-definition]
configure:5939: $? = 0
configure:5947: result: yes
configure:6067: checking that generated files are newer than configure
configure:6073: result: done
configure:6136: creating ./config.status

## ---------------------- ##
## Running config.status. ##
## ---------------------- ##

This file was extended by openflow config.status 1.0.0, which was
generated by GNU Autoconf 2.69.  Invocation command line was

  CONFIG_FILES    = 
  CONFIG_HEADERS  = 
  CONFIG_LINKS    = 
  CONFIG_COMMANDS = 
  $ ./config.status 

on vbox

config.status:896: creating Makefile
config.status:896: creating config.h
config.status:1125: executing depfiles commands
config.status:1202: cd .       && sed -e '/# am--include-marker/d' Makefile         | make -f - am--depfiles
config.status:1207: $? = 0

## ---------------- ##
## Cache variables. ##
## ---------------- ##

ac_cv_c_compiler_gnu=yes
ac_cv_env_CC_set=
ac_cv_env_CC_value=
ac_cv_env_CFLAGS_set=
ac_cv_env_CFLAGS_value=
ac_cv_env_CPPFLAGS_set=
ac_cv_env_CPPFLAGS_value=
ac_cv_env_CPP_set=
ac_cv_env_CPP_value=
ac_cv_env_KARCH_set=
ac_cv_env_KARCH_value=
ac_cv_env_LDFLAGS_set=
ac_cv_env_LDFLAGS_value=
ac_cv_env_LIBS_set=
ac_cv_env_LIBS_value=
ac_cv_env_PERL_set=
ac_cv_env_PERL_value=
ac_cv_env_PKG_CONFIG_LIBDIR_set=
ac_cv_env_PKG_CONFIG_LIBDIR_value=
ac_cv_env_PKG_CONFIG_PATH_set=
ac_cv_env_PKG_CONFIG_PATH_value=
ac_cv_env_PKG_CONFIG_set=
ac_cv_env_PKG_CONFIG_value=
ac_cv_env_SSL_CFLAGS_set=
ac_cv_env_SSL_CFLAGS_value=
ac_cv_env_SSL_LIBS_set=
ac_cv_env_SSL_LIBS_value=
ac_cv_env_build_alias_set=
ac_cv_env_build_alias_value=
ac_cv_env_host_alias_set=
ac_cv_env_host_alias_value=
ac_cv_env_target_alias_set=
ac_cv_env_target_alias_value=
ac_cv_func_strlcpy=no
ac_cv_func_strsignal=yes
ac_cv_header_inttypes_h=yes
ac_cv_header_linux_netlink_h=yes
ac_cv_header_memory_h=yes
ac_cv_header_minix_config_h=no
ac_cv_header_net_if_packet_h=yes
ac_cv_header_stdc=yes
ac_cv_header_stdint_h=yes
ac_cv_header_stdlib_h=yes
ac_cv_header_string_h=yes
ac_cv_header_strings_h=yes
ac_cv_header_sys_stat_h=yes
ac_cv_header_sys_types_h=yes
ac_cv_header_unistd_h=yes
ac_cv_lib_dl_dladdr=yes
ac_cv_lib_socket_connect=no
ac_cv_objext=o
ac_cv_path_EGREP='/usr/bin/grep -E'
ac_cv_path_GREP=/usr/bin/grep
ac_cv_path_PERL=/usr/bin/perl
ac_cv_path_ac_pt_PKG_CONFIG=/usr/bin/pkg-config
ac_cv_path_install='/usr/bin/install -c'
ac_cv_path_mkdir=/usr/bin/mkdir
ac_cv_prog_AWK=mawk
ac_cv_prog_CPP='gcc -E'
ac_cv_prog_HAVE_DPKG_BUILDPACKAGE=yes
ac_cv_prog_ac_ct_CC=gcc
ac_cv_prog_ac_ct_RANLIB=ranlib
ac_cv_prog_cc_c89=
ac_cv_prog_cc_g=yes
ac_cv_prog_make_make_set=yes
ac_cv_safe_to_define___extensions__=yes
ac_cv_search_gethostbyname='none required'
ac_cv_sys_file_offset_bits=no
ac_cv_sys_largefile_CC=no
am_cv_CC_dependencies_compiler_type=gcc3
am_cv_make_support_nested_variables=yes
am_cv_prog_cc_c_o=yes
ofp_cv__Wall=yes
ofp_cv__Wbad_function_cast=yes
ofp_cv__Wcast_align=yes
ofp_cv__Wdeclaration_after_statement=yes
ofp_cv__Wformat_security=yes
ofp_cv__Wmissing_field_initializers=yes
ofp_cv__Wmissing_prototypes=yes
ofp_cv__Wno_override_init=yes
ofp_cv__Wno_sign_compare=yes
ofp_cv__Wold_style_definition=yes
ofp_cv__Wpointer_arith=yes
ofp_cv__Wstrict_aliasing=yes
ofp_cv__Wstrict_prototypes=yes
ofp_cv__Wswitch_enum=yes
ofp_cv__Wunused_parameter=yes
ofp_cv_malloc_hooks=yes

## ----------------- ##
## Output variables. ##
## ----------------- ##

ACLOCAL='${SHELL} /home/jeo/mbkm/OpenFlow/openflow/build-aux/missing aclocal-1.16'
AMDEPBACKSLASH='\'
AMDEP_FALSE='#'
AMDEP_TRUE=''
AMTAR='$${TAR-tar}'
AM_BACKSLASH='\'
AM_DEFAULT_V='$(AM_DEFAULT_VERBOSITY)'
AM_DEFAULT_VERBOSITY='1'
AM_V='$(V)'
AUTOCONF='${SHELL} /home/jeo/mbkm/OpenFlow/openflow/build-aux/missing autoconf'
AUTOHEADER='${SHELL} /home/jeo/mbkm/OpenFlow/openflow/build-aux/missing autoheader'
AUTOMAKE='${SHELL} /home/jeo/mbkm/OpenFlow/openflow/build-aux/missing automake-1.16'
AWK='mawk'
BUILDNR='0'
BUILD_HW_LIBS_FALSE=''
BUILD_HW_LIBS_TRUE='#'
CC='gcc'
CCDEPMODE='depmode=gcc3'
CFLAGS='-g -O2 -Wall -Wno-sign-compare -Wpointer-arith -Wdeclaration-after-statement -Wformat-security -Wswitch-enum -Wunused-parameter -Wstrict-aliasing -Wbad-function-cast -Wcast-align -Wstrict-prototypes -Wold-style-definition -Wmissing-prototypes -Wmissing-field-initializers -Wno-override-init'
CPP='gcc -E'
CPPFLAGS=''
CYGPATH_W='echo'
DEFS='-DHAVE_CONFIG_H'
DEPDIR='.deps'
ECHO_C=''
ECHO_N='-n'
ECHO_T=''
EGREP='/usr/bin/grep -E'
EXEEXT=''
FAULT_LIBS='-ldl'
GREP='/usr/bin/grep'
HAVE_DPKG_BUILDPACKAGE='yes'
HAVE_DPKG_BUILDPACKAGE_FALSE='#'
HAVE_DPKG_BUILDPACKAGE_TRUE=''
HAVE_IF_PACKET_FALSE='#'
HAVE_IF_PACKET_TRUE=''
HAVE_NETLINK_FALSE='#'
HAVE_NETLINK_TRUE=''
HAVE_OPENSSL_FALSE=''
HAVE_OPENSSL_TRUE='#'
HW_LIB=''
HW_TABLES=''
INSTALL_DATA='${INSTALL} -m 644'
INSTALL_PROGRAM='${INSTALL}'
INSTALL_SCRIPT='${INSTALL}'
INSTALL_STRIP_PROGRAM='$(install_sh) -c -s'
KARCH=''
LB4G_FALSE=''
LB4G_TRUE='#'
LDFLAGS=''
LIBOBJS=''
LIBS=''
LOGDIR='${localstatedir}/log/${PACKAGE}'
LTLIBOBJS=''
MAKEINFO='${SHELL} /home/jeo/mbkm/OpenFlow/openflow/build-aux/missing makeinfo'
MKDIR_P='/usr/bin/mkdir -p'
NDEBUG_FALSE=''
NDEBUG_TRUE='#'
NF2_FALSE=''
NF2_TRUE='#'
OBJEXT='o'
PACKAGE='openflow'
PACKAGE_BUGREPORT='openflow-discuss@openflowswitch.org'
PACKAGE_NAME='openflow'
PACKAGE_STRING='openflow 1.0.0'
PACKAGE_TARNAME='openflow'
PACKAGE_URL=''
PACKAGE_VERSION='1.0.0'
PATH_SEPARATOR=':'
PERL='/usr/bin/perl'
PKG_CONFIG='/usr/bin/pkg-config'
PKG_CONFIG_LIBDIR=''
PKG_CONFIG_PATH=''
PKIDIR='${pkgdatadir}/pki'
RANLIB='ranlib'
RUNDIR='${localstatedir}/run'
SCORREF_FALSE=''
SCORREF_TRUE='#'
SET_MAKE=''
SHELL='/bin/bash'
SSL_CFLAGS=''
SSL_LIBS=''
STRIP=''
T2REF_FALSE=''
T2REF_TRUE='#'
VERSION='1.0.0'
ac_ct_CC='gcc'
am__EXEEXT_FALSE=''
am__EXEEXT_TRUE='#'
am__fastdepCC_FALSE='#'
am__fastdepCC_TRUE=''
am__include='include'
am__isrc=''
am__leading_dot='.'
am__nodep='_no'
am__quote=''
am__tar='$${TAR-tar} chof - "$$tardir"'
am__untar='$${TAR-tar} xf -'
bindir='${exec_prefix}/bin'
build_alias=''
datadir='${datarootdir}'
datarootdir='${prefix}/share'
docdir='${datarootdir}/doc/${PACKAGE_TARNAME}'
dvidir='${docdir}'
exec_prefix='${prefix}'
host_alias=''
htmldir='${docdir}'
includedir='${prefix}/include'
infodir='${datarootdir}/info'
install_sh='${SHELL} /home/jeo/mbkm/OpenFlow/openflow/build-aux/install-sh'
libdir='${exec_prefix}/lib'
libexecdir='${exec_prefix}/libexec'
localedir='${datarootdir}/locale'
localstatedir='${prefix}/var'
mandir='${datarootdir}/man'
mkdir_p='$(MKDIR_P)'
oldincludedir='/usr/include'
pdfdir='${docdir}'
prefix='/usr/local'
program_transform_name='s,x,x,'
psdir='${docdir}'
runstatedir='${localstatedir}/run'
sbindir='${exec_prefix}/sbin'
sharedstatedir='${prefix}/com'
sysconfdir='${prefix}/etc'
target_alias=''

## ----------- ##
## confdefs.h. ##
## ----------- ##

/* confdefs.h */
#define PACKAGE_NAME "openflow"
#define PACKAGE_TARNAME "openflow"
#define PACKAGE_VERSION "1.0.0"
#define PACKAGE_STRING "openflow 1.0.0"
#define PACKAGE_BUGREPORT "openflow-discuss@openflowswitch.org"
#define PACKAGE_URL ""
#define BUILDNR ""
#define PACKAGE "openflow"
#define VERSION "1.0.0"
#define STDC_HEADERS 1
#define HAVE_SYS_TYPES_H 1
#define HAVE_SYS_STAT_H 1
#define HAVE_STDLIB_H 1
#define HAVE_STRING_H 1
#define HAVE_MEMORY_H 1
#define HAVE_STRINGS_H 1
#define HAVE_INTTYPES_H 1
#define HAVE_STDINT_H 1
#define HAVE_UNISTD_H 1
#define __EXTENSIONS__ 1
#define _ALL_SOURCE 1
#define _GNU_SOURCE 1
#define _POSIX_PTHREAD_SEMANTICS 1
#define _TANDEM_SOURCE 1
#define HAVE_NETLINK 1
#define HAVE_MALLOC_HOOKS 1
#define HAVE_IF_PACKET 1
#define HAVE_STRSIGNAL 1

configure: exit 0
